# JRE version: Java(TM) SE Runtime Environment (8.0_191-b12) (build 1.8.0_191-b12)
# Java VM: Java HotSpot(TM) 64-Bit Server VM (25.191-b12 mixed mode windows-amd64 compressed oops)
Heap:
 PSYoungGen      total 293376K, used 199542K [0x00000000d6300000, 0x00000000e9280000, 0x0000000100000000)
  eden space 275968K, 72% used [0x00000000d6300000,0x00000000e25ddb88,0x00000000e7080000)
  from space 17408K, 0% used [0x00000000e8180000,0x00000000e8180000,0x00000000e9280000)
  to   space 17408K, 0% used [0x00000000e7080000,0x00000000e7080000,0x00000000e8180000)
 ParOldGen       total 90624K, used 28280K [0x0000000082800000, 0x0000000088080000, 0x00000000d6300000)
  object space 90624K, 31% used [0x0000000082800000,0x000000008439e0a0,0x0000000088080000)
 Metaspace       used 52205K, capacity 55008K, committed 55296K, reserved 1097728K
  class space    used 7053K, capacity 7599K, committed 7680K, reserved 1048576K
GC Heap History (10 events):
Event: 582.969 GC heap before
{Heap before GC invocations=15 (full 3):
 PSYoungGen      total 293888K, used 4352K [0x00000000d6300000, 0x00000000e9380000, 0x0000000100000000)
  eden space 275968K, 0% used [0x00000000d6300000,0x00000000d6300000,0x00000000e7080000)
  from space 17920K, 24% used [0x00000000e8200000,0x00000000e8640000,0x00000000e9380000)
  to   space 17920K, 0% used [0x00000000e7080000,0x00000000e7080000,0x00000000e8200000)
 ParOldGen       total 90624K, used 29624K [0x0000000082800000, 0x0000000088080000, 0x00000000d6300000)
  object space 90624K, 32% used [0x0000000082800000,0x00000000844ee1f0,0x0000000088080000)
 Metaspace       used 51100K, capacity 53544K, committed 53760K, reserved 1095680K
  class space    used 6934K, capacity 7393K, committed 7424K, reserved 1048576K
Event: 583.149 GC heap after
Heap after GC invocations=15 (full 3):
 PSYoungGen      total 293888K, used 0K [0x00000000d6300000, 0x00000000e9380000, 0x0000000100000000)
  eden space 275968K, 0% used [0x00000000d6300000,0x00000000d6300000,0x00000000e7080000)
  from space 17920K, 0% used [0x00000000e8200000,0x00000000e8200000,0x00000000e9380000)
  to   space 17920K, 0% used [0x00000000e7080000,0x00000000e7080000,0x00000000e8200000)
 ParOldGen       total 90624K, used 26732K [0x0000000082800000, 0x0000000088080000, 0x00000000d6300000)
  object space 90624K, 29% used [0x0000000082800000,0x000000008421b090,0x0000000088080000)
 Metaspace       used 51100K, capacity 53544K, committed 53760K, reserved 1095680K
  class space    used 6934K, capacity 7393K, committed 7424K, reserved 1048576K
}
Event: 673.175 GC heap before
{Heap before GC invocations=16 (full 3):
 PSYoungGen      total 293888K, used 223348K [0x00000000d6300000, 0x00000000e9380000, 0x0000000100000000)
  eden space 275968K, 80% used [0x00000000d6300000,0x00000000e3d1d1e0,0x00000000e7080000)
  from space 17920K, 0% used [0x00000000e8200000,0x00000000e8200000,0x00000000e9380000)
  to   space 17920K, 0% used [0x00000000e7080000,0x00000000e7080000,0x00000000e8200000)
 ParOldGen       total 90624K, used 26732K [0x0000000082800000, 0x0000000088080000, 0x00000000d6300000)
  object space 90624K, 29% used [0x0000000082800000,0x000000008421b090,0x0000000088080000)
 Metaspace       used 51450K, capacity 53968K, committed 54144K, reserved 1095680K
  class space    used 6968K, capacity 7452K, committed 7552K, reserved 1048576K
Event: 673.190 GC heap after
Heap after GC invocations=16 (full 3):
 PSYoungGen      total 280576K, used 4255K [0x00000000d6300000, 0x00000000e9280000, 0x0000000100000000)
  eden space 275968K, 0% used [0x00000000d6300000,0x00000000d6300000,0x00000000e7080000)
  from space 4608K, 92% used [0x00000000e7080000,0x00000000e74a7f20,0x00000000e7500000)
  to   space 17408K, 0% used [0x00000000e8180000,0x00000000e8180000,0x00000000e9280000)
 ParOldGen       total 90624K, used 26740K [0x0000000082800000, 0x0000000088080000, 0x00000000d6300000)
  object space 90624K, 29% used [0x0000000082800000,0x000000008421d090,0x0000000088080000)
 Metaspace       used 51450K, capacity 53968K, committed 54144K, reserved 1095680K
  class space    used 6968K, capacity 7452K, committed 7552K, reserved 1048576K
}
Event: 673.190 GC heap before
{Heap before GC invocations=17 (full 4):
 PSYoungGen      total 280576K, used 4255K [0x00000000d6300000, 0x00000000e9280000, 0x0000000100000000)
  eden space 275968K, 0% used [0x00000000d6300000,0x00000000d6300000,0x00000000e7080000)
  from space 4608K, 92% used [0x00000000e7080000,0x00000000e74a7f20,0x00000000e7500000)
  to   space 17408K, 0% used [0x00000000e8180000,0x00000000e8180000,0x00000000e9280000)
 ParOldGen       total 90624K, used 26740K [0x0000000082800000, 0x0000000088080000, 0x00000000d6300000)
  object space 90624K, 29% used [0x0000000082800000,0x000000008421d090,0x0000000088080000)
 Metaspace       used 51450K, capacity 53968K, committed 54144K, reserved 1095680K
  class space    used 6968K, capacity 7452K, committed 7552K, reserved 1048576K
Event: 673.413 GC heap after
Heap after GC invocations=17 (full 4):
 PSYoungGen      total 280576K, used 0K [0x00000000d6300000, 0x00000000e9280000, 0x0000000100000000)
  eden space 275968K, 0% used [0x00000000d6300000,0x00000000d6300000,0x00000000e7080000)
  from space 4608K, 0% used [0x00000000e7080000,0x00000000e7080000,0x00000000e7500000)
  to   space 17408K, 0% used [0x00000000e8180000,0x00000000e8180000,0x00000000e9280000)
 ParOldGen       total 90624K, used 28084K [0x0000000082800000, 0x0000000088080000, 0x00000000d6300000)
  object space 90624K, 30% used [0x0000000082800000,0x000000008436d3a0,0x0000000088080000)
 Metaspace       used 51447K, capacity 53962K, committed 54144K, reserved 1095680K
  class space    used 6968K, capacity 7450K, committed 7552K, reserved 1048576K
}
Event: 761.953 GC heap before
{Heap before GC invocations=18 (full 4):
 PSYoungGen      total 280576K, used 211762K [0x00000000d6300000, 0x00000000e9280000, 0x0000000100000000)
  eden space 275968K, 76% used [0x00000000d6300000,0x00000000e31cc818,0x00000000e7080000)
  from space 4608K, 0% used [0x00000000e7080000,0x00000000e7080000,0x00000000e7500000)
  to   space 17408K, 0% used [0x00000000e8180000,0x00000000e8180000,0x00000000e9280000)
 ParOldGen       total 90624K, used 28084K [0x0000000082800000, 0x0000000088080000, 0x00000000d6300000)
  object space 90624K, 30% used [0x0000000082800000,0x000000008436d3a0,0x0000000088080000)
 Metaspace       used 51777K, capacity 54354K, committed 54656K, reserved 1095680K
  class space    used 6997K, capacity 7503K, committed 7552K, reserved 1048576K
Event: 761.960 GC heap after
Heap after GC invocations=18 (full 4):
 PSYoungGen      total 293376K, used 4175K [0x00000000d6300000, 0x00000000e9280000, 0x0000000100000000)
  eden space 275968K, 0% used [0x00000000d6300000,0x00000000d6300000,0x00000000e7080000)
  from space 17408K, 23% used [0x00000000e8180000,0x00000000e8593f30,0x00000000e9280000)
  to   space 17408K, 0% used [0x00000000e7080000,0x00000000e7080000,0x00000000e8180000)
 ParOldGen       total 90624K, used 28092K [0x0000000082800000, 0x0000000088080000, 0x00000000d6300000)
  object space 90624K, 30% used [0x0000000082800000,0x000000008436f3a0,0x0000000088080000)
 Metaspace       used 51777K, capacity 54354K, committed 54656K, reserved 1095680K
  class space    used 6997K, capacity 7503K, committed 7552K, reserved 1048576K
}
Event: 761.960 GC heap before
{Heap before GC invocations=19 (full 5):
 PSYoungGen      total 293376K, used 4175K [0x00000000d6300000, 0x00000000e9280000, 0x0000000100000000)
  eden space 275968K, 0% used [0x00000000d6300000,0x00000000d6300000,0x00000000e7080000)
  from space 17408K, 23% used [0x00000000e8180000,0x00000000e8593f30,0x00000000e9280000)
  to   space 17408K, 0% used [0x00000000e7080000,0x00000000e7080000,0x00000000e8180000)
 ParOldGen       total 90624K, used 28092K [0x0000000082800000, 0x0000000088080000, 0x00000000d6300000)
  object space 90624K, 30% used [0x0000000082800000,0x000000008436f3a0,0x0000000088080000)
 Metaspace       used 51777K, capacity 54354K, committed 54656K, reserved 1095680K
  class space    used 6997K, capacity 7503K, committed 7552K, reserved 1048576K
Event: 762.253 GC heap after
Heap after GC invocations=19 (full 5):
 PSYoungGen      total 293376K, used 0K [0x00000000d6300000, 0x00000000e9280000, 0x0000000100000000)
  eden space 275968K, 0% used [0x00000000d6300000,0x00000000d6300000,0x00000000e7080000)
  from space 17408K, 0% used [0x00000000e8180000,0x00000000e8180000,0x00000000e9280000)
  to   space 17408K, 0% used [0x00000000e7080000,0x00000000e7080000,0x00000000e8180000)
 ParOldGen       total 90624K, used 28280K [0x0000000082800000, 0x0000000088080000, 0x00000000d6300000)
  object space 90624K, 31% used [0x0000000082800000,0x000000008439e0a0,0x0000000088080000)
 Metaspace       used 51775K, capacity 54348K, committed 54656K, reserved 1095680K
  class space    used 6997K, capacity 7501K, committed 7552K, reserved 1048576K
}

